2021-07-06 16:43:10.123 [http-nio-9092-exec-4] ERROR o.a.c.c.C.[.[localhost].[/].[dispatcherServlet] -[log] Line:175- Servlet.service() for servlet [dispatcherServlet] in context with path [] threw exception [Request processing failed; nested exception is org.frameworkset.elasticsearch.ElasticSearchException: {"error":{"root_cause":[{"type":"illegal_argument_exception","reason":"mapper [createTime] cannot be changed from type [date] to [text]"}],"type":"illegal_argument_exception","reason":"mapper [createTime] cannot be changed from type [date] to [text]"},"status":400}] with root cause
org.frameworkset.elasticsearch.ElasticSearchException: {"error":{"root_cause":[{"type":"illegal_argument_exception","reason":"mapper [createTime] cannot be changed from type [date] to [text]"}],"type":"illegal_argument_exception","reason":"mapper [createTime] cannot be changed from type [date] to [text]"},"status":400}
	at org.frameworkset.elasticsearch.handler.BaseExceptionResponseHandler.handleException(BaseExceptionResponseHandler.java:77)
	at org.frameworkset.elasticsearch.handler.ESStringResponseHandler.handleResponse(ESStringResponseHandler.java:74)
	at org.frameworkset.elasticsearch.handler.ESStringResponseHandler.handleResponse(ESStringResponseHandler.java:34)
	at org.apache.http.impl.client.CloseableHttpClient.execute(CloseableHttpClient.java:223)
	at org.apache.http.impl.client.CloseableHttpClient.execute(CloseableHttpClient.java:165)
	at org.apache.http.impl.client.CloseableHttpClient.execute(CloseableHttpClient.java:140)
	at org.frameworkset.spi.remote.http.HttpRequestUtil.sendBody(HttpRequestUtil.java:1285)
	at org.frameworkset.spi.remote.http.HttpRequestUtil.sendJsonBody(HttpRequestUtil.java:1264)
	at org.frameworkset.elasticsearch.client.RestSearchExecutorUtil.__executeHttp(RestSearchExecutorUtil.java:67)
	at org.frameworkset.elasticsearch.client.RestSearchExecutor.executeHttp(RestSearchExecutor.java:97)
	at org.frameworkset.elasticsearch.client.ElasticSearchRestClient$3.execute(ElasticSearchRestClient.java:730)
	at org.frameworkset.elasticsearch.client.ElasticSearchRestClient._executeHttp(ElasticSearchRestClient.java:899)
	at org.frameworkset.elasticsearch.client.ElasticSearchRestClient._executeHttp(ElasticSearchRestClient.java:714)
	at org.frameworkset.elasticsearch.client.ElasticSearchRestClient.executeHttp(ElasticSearchRestClient.java:702)
	at org.frameworkset.elasticsearch.client.ElasticSearchRestClient.executeHttp(ElasticSearchRestClient.java:1050)
	at org.frameworkset.elasticsearch.client.RestClientUtil.addDocument(RestClientUtil.java:675)
	at org.frameworkset.elasticsearch.client.RestClientUtil.addDocument(RestClientUtil.java:514)
	at org.frameworkset.elasticsearch.client.RestClientUtil.addDocument(RestClientUtil.java:490)
	at org.frameworkset.elasticsearch.client.RestClientUtil.addDocument(RestClientUtil.java:5994)
	at net.cnki.es.controller.EsController.testCRUDAdd1(EsController.java:67)
	at java.base/jdk.internal.reflect.NativeMethodAccessorImpl.invoke0(Native Method)
	at java.base/jdk.internal.reflect.NativeMethodAccessorImpl.invoke(NativeMethodAccessorImpl.java:62)
	at java.base/jdk.internal.reflect.DelegatingMethodAccessorImpl.invoke(DelegatingMethodAccessorImpl.java:43)
	at java.base/java.lang.reflect.Method.invoke(Method.java:566)
	at org.springframework.web.method.support.InvocableHandlerMethod.doInvoke(InvocableHandlerMethod.java:197)
	at org.springframework.web.method.support.InvocableHandlerMethod.invokeForRequest(InvocableHandlerMethod.java:141)
	at org.springframework.web.servlet.mvc.method.annotation.ServletInvocableHandlerMethod.invokeAndHandle(ServletInvocableHandlerMethod.java:106)
	at org.springframework.web.servlet.mvc.method.annotation.RequestMappingHandlerAdapter.invokeHandlerMethod(RequestMappingHandlerAdapter.java:894)
	at org.springframework.web.servlet.mvc.method.annotation.RequestMappingHandlerAdapter.handleInternal(RequestMappingHandlerAdapter.java:808)
	at org.springframework.web.servlet.mvc.method.AbstractHandlerMethodAdapter.handle(AbstractHandlerMethodAdapter.java:87)
	at org.springframework.web.servlet.DispatcherServlet.doDispatch(DispatcherServlet.java:1063)
	at org.springframework.web.servlet.DispatcherServlet.doService(DispatcherServlet.java:963)
	at org.springframework.web.servlet.FrameworkServlet.processRequest(FrameworkServlet.java:1006)
	at org.springframework.web.servlet.FrameworkServlet.doGet(FrameworkServlet.java:898)
	at javax.servlet.http.HttpServlet.service(HttpServlet.java:655)
	at org.springframework.web.servlet.FrameworkServlet.service(FrameworkServlet.java:883)
	at javax.servlet.http.HttpServlet.service(HttpServlet.java:764)
	at org.apache.catalina.core.ApplicationFilterChain.internalDoFilter(ApplicationFilterChain.java:228)
	at org.apache.catalina.core.ApplicationFilterChain.doFilter(ApplicationFilterChain.java:163)
	at org.apache.tomcat.websocket.server.WsFilter.doFilter(WsFilter.java:53)
	at org.apache.catalina.core.ApplicationFilterChain.internalDoFilter(ApplicationFilterChain.java:190)
	at org.apache.catalina.core.ApplicationFilterChain.doFilter(ApplicationFilterChain.java:163)
	at org.springframework.web.filter.RequestContextFilter.doFilterInternal(RequestContextFilter.java:100)
	at org.springframework.web.filter.OncePerRequestFilter.doFilter(OncePerRequestFilter.java:119)
	at org.apache.catalina.core.ApplicationFilterChain.internalDoFilter(ApplicationFilterChain.java:190)
	at org.apache.catalina.core.ApplicationFilterChain.doFilter(ApplicationFilterChain.java:163)
	at org.springframework.web.filter.FormContentFilter.doFilterInternal(FormContentFilter.java:93)
	at org.springframework.web.filter.OncePerRequestFilter.doFilter(OncePerRequestFilter.java:119)
	at org.apache.catalina.core.ApplicationFilterChain.internalDoFilter(ApplicationFilterChain.java:190)
	at org.apache.catalina.core.ApplicationFilterChain.doFilter(ApplicationFilterChain.java:163)
	at org.springframework.web.filter.CharacterEncodingFilter.doFilterInternal(CharacterEncodingFilter.java:201)
	at org.springframework.web.filter.OncePerRequestFilter.doFilter(OncePerRequestFilter.java:119)
	at org.apache.catalina.core.ApplicationFilterChain.internalDoFilter(ApplicationFilterChain.java:190)
	at org.apache.catalina.core.ApplicationFilterChain.doFilter(ApplicationFilterChain.java:163)
	at org.apache.catalina.core.StandardWrapperValve.invoke(StandardWrapperValve.java:202)
	at org.apache.catalina.core.StandardContextValve.invoke(StandardContextValve.java:97)
	at org.apache.catalina.authenticator.AuthenticatorBase.invoke(AuthenticatorBase.java:542)
	at org.apache.catalina.core.StandardHostValve.invoke(StandardHostValve.java:143)
	at org.apache.catalina.valves.ErrorReportValve.invoke(ErrorReportValve.java:92)
	at org.apache.catalina.core.StandardEngineValve.invoke(StandardEngineValve.java:78)
	at org.apache.catalina.connector.CoyoteAdapter.service(CoyoteAdapter.java:357)
	at org.apache.coyote.http11.Http11Processor.service(Http11Processor.java:382)
	at org.apache.coyote.AbstractProcessorLight.process(AbstractProcessorLight.java:65)
	at org.apache.coyote.AbstractProtocol$ConnectionHandler.process(AbstractProtocol.java:893)
	at org.apache.tomcat.util.net.NioEndpoint$SocketProcessor.doRun(NioEndpoint.java:1723)
	at org.apache.tomcat.util.net.SocketProcessorBase.run(SocketProcessorBase.java:49)
	at java.base/java.util.concurrent.ThreadPoolExecutor.runWorker(ThreadPoolExecutor.java:1128)
	at java.base/java.util.concurrent.ThreadPoolExecutor$Worker.run(ThreadPoolExecutor.java:628)
	at org.apache.tomcat.util.threads.TaskThread$WrappingRunnable.run(TaskThread.java:61)
	at java.base/java.lang.Thread.run(Thread.java:829)
